[2023-12-15 01:24:50,051: INFO: main: hey]
[2023-12-15 17:12:31,888: INFO: common: yaml file: config\config.yaml loaded successfully]
[2023-12-15 17:12:31,892: INFO: common: yaml file: params.yaml loaded successfully]
[2023-12-15 17:12:31,895: INFO: common: created directory at: artifacts]
[2023-12-15 17:12:31,899: INFO: common: created directory at: artifacts/data_ingestion]
[2023-12-15 17:12:31,903: INFO: 3768552441: Downloading data from https://drive.google.com/file/d/1YdCFEgrKdm3JY4MZ4OX9czy5BETqkpHs/view?usp=sharing into file artifacts/data_ingestion/data.zip]
[2023-12-15 17:15:12,276: INFO: 3768552441: Downloaded data from https://drive.google.com/file/d/1YdCFEgrKdm3JY4MZ4OX9czy5BETqkpHs/view?usp=sharing into file artifacts/data_ingestion/data.zip]
[2023-12-15 17:52:47,726: INFO: main: >>>>> Stage Data Ingestion Stage Started <<<<<<<]
[2023-12-15 17:52:47,727: INFO: main: >>>>Stage Data Ingestion Stage started <<<<]
[2023-12-15 17:52:47,738: INFO: common: yaml file: config\config.yaml loaded successfully]
[2023-12-15 17:52:47,739: INFO: common: yaml file: params.yaml loaded successfully]
[2023-12-15 17:52:47,741: INFO: common: created directory at: artifacts]
[2023-12-15 17:52:47,743: INFO: common: created directory at: artifacts/data_ingestion]
[2023-12-15 17:52:47,748: INFO: data_ingestion: Downloading data from https://drive.google.com/file/d/1YdCFEgrKdm3JY4MZ4OX9czy5BETqkpHs/view?usp=sharing into file artifacts/data_ingestion/data.zip]
[2023-12-15 17:55:02,092: INFO: main: >>>>> Stage Data Ingestion Stage Started <<<<<<<]
[2023-12-15 17:55:02,092: INFO: main: >>>>Stage Data Ingestion Stage started <<<<]
[2023-12-15 17:55:02,094: INFO: common: yaml file: config\config.yaml loaded successfully]
[2023-12-15 17:55:02,094: INFO: common: yaml file: params.yaml loaded successfully]
[2023-12-15 17:55:02,096: INFO: common: created directory at: artifacts]
[2023-12-15 17:55:02,097: INFO: common: created directory at: artifacts/data_ingestion]
[2023-12-15 17:55:02,097: INFO: data_ingestion: Downloading data from https://drive.google.com/file/d/1YdCFEgrKdm3JY4MZ4OX9czy5BETqkpHs/view?usp=sharing into file artifacts/data_ingestion/data.zip]
[2023-12-15 17:58:01,293: INFO: data_ingestion: Downloaded data from https://drive.google.com/file/d/1YdCFEgrKdm3JY4MZ4OX9czy5BETqkpHs/view?usp=sharing into file artifacts/data_ingestion/data.zip]
[2023-12-15 17:59:57,400: INFO: main: >>>>Stage Data Ingestion Stage Completed <<<<

x===============x]
[2023-12-15 20:45:44,077: INFO: common: yaml file: config\config.yaml loaded successfully]
[2023-12-15 20:45:44,150: INFO: common: yaml file: params.yaml loaded successfully]
[2023-12-15 20:45:44,154: INFO: common: created directory at: artifacts/prepare_base_model]
[2023-12-15 20:47:54,634: INFO: common: yaml file: config\config.yaml loaded successfully]
[2023-12-15 20:47:54,640: INFO: common: yaml file: params.yaml loaded successfully]
[2023-12-15 20:47:54,643: INFO: common: created directory at: artifacts/prepare_base_model]
[2023-12-15 20:47:56,708: WARNING: module_wrapper: From C:\Users\Adil\AppData\Roaming\Python\Python311\site-packages\keras\src\backend.py:1398: The name tf.executing_eagerly_outside_functions is deprecated. Please use tf.compat.v1.executing_eagerly_outside_functions instead.
]
[2023-12-15 20:48:05,955: WARNING: module_wrapper: From C:\Users\Adil\AppData\Roaming\Python\Python311\site-packages\keras\src\layers\pooling\max_pooling2d.py:161: The name tf.nn.max_pool is deprecated. Please use tf.nn.max_pool2d instead.
]
[2023-12-15 20:48:20,709: WARNING: saving_utils: Compiled the loaded model, but the compiled metrics have yet to be built. `model.compile_metrics` will be empty until you train or evaluate the model.]
[2023-12-15 20:51:34,163: INFO: common: yaml file: config\config.yaml loaded successfully]
[2023-12-15 20:51:34,168: INFO: common: yaml file: params.yaml loaded successfully]
[2023-12-15 20:51:34,171: INFO: common: created directory at: artifacts/prepare_base_model]
[2023-12-15 20:51:35,151: WARNING: saving_utils: Compiled the loaded model, but the compiled metrics have yet to be built. `model.compile_metrics` will be empty until you train or evaluate the model.]
[2023-12-15 20:51:43,332: INFO: common: yaml file: config\config.yaml loaded successfully]
[2023-12-15 20:51:43,337: INFO: common: yaml file: params.yaml loaded successfully]
[2023-12-15 20:51:43,340: INFO: common: created directory at: artifacts/prepare_base_model]
[2023-12-15 20:51:44,395: WARNING: saving_utils: Compiled the loaded model, but the compiled metrics have yet to be built. `model.compile_metrics` will be empty until you train or evaluate the model.]
[2023-12-15 20:52:15,936: INFO: common: yaml file: config\config.yaml loaded successfully]
[2023-12-15 20:52:15,940: INFO: common: yaml file: params.yaml loaded successfully]
[2023-12-15 20:52:15,943: INFO: common: created directory at: artifacts/prepare_base_model]
[2023-12-15 20:52:17,264: WARNING: saving_utils: Compiled the loaded model, but the compiled metrics have yet to be built. `model.compile_metrics` will be empty until you train or evaluate the model.]
[2023-12-15 20:53:47,847: INFO: common: yaml file: config\config.yaml loaded successfully]
[2023-12-15 20:53:47,852: INFO: common: yaml file: params.yaml loaded successfully]
[2023-12-15 20:53:47,855: INFO: common: created directory at: artifacts/prepare_base_model]
[2023-12-15 20:53:49,045: WARNING: saving_utils: Compiled the loaded model, but the compiled metrics have yet to be built. `model.compile_metrics` will be empty until you train or evaluate the model.]
[2023-12-15 20:54:18,880: INFO: common: yaml file: config\config.yaml loaded successfully]
[2023-12-15 20:54:18,885: INFO: common: yaml file: params.yaml loaded successfully]
[2023-12-15 20:54:18,887: INFO: common: created directory at: artifacts/prepare_base_model]
[2023-12-15 20:54:19,691: WARNING: saving_utils: Compiled the loaded model, but the compiled metrics have yet to be built. `model.compile_metrics` will be empty until you train or evaluate the model.]
[2023-12-15 20:54:44,292: INFO: common: yaml file: config\config.yaml loaded successfully]
[2023-12-15 20:54:44,296: INFO: common: yaml file: params.yaml loaded successfully]
[2023-12-15 20:54:44,299: INFO: common: created directory at: artifacts/prepare_base_model]
[2023-12-15 20:54:45,370: WARNING: saving_utils: Compiled the loaded model, but the compiled metrics have yet to be built. `model.compile_metrics` will be empty until you train or evaluate the model.]
[2023-12-15 21:24:01,028: INFO: common: yaml file: config\config.yaml loaded successfully]
[2023-12-15 21:24:01,034: INFO: common: yaml file: params.yaml loaded successfully]
[2023-12-15 21:24:01,037: INFO: common: created directory at: artifacts/prepare_base_model]
[2023-12-15 21:24:04,501: WARNING: saving_utils: Compiled the loaded model, but the compiled metrics have yet to be built. `model.compile_metrics` will be empty until you train or evaluate the model.]
[2023-12-15 21:25:53,798: INFO: common: yaml file: config\config.yaml loaded successfully]
[2023-12-15 21:25:53,802: INFO: common: yaml file: params.yaml loaded successfully]
[2023-12-15 21:25:53,805: INFO: common: created directory at: artifacts/prepare_base_model]
[2023-12-15 21:25:55,175: WARNING: saving_utils: Compiled the loaded model, but the compiled metrics have yet to be built. `model.compile_metrics` will be empty until you train or evaluate the model.]
[2023-12-15 21:27:29,038: INFO: common: yaml file: config\config.yaml loaded successfully]
[2023-12-15 21:27:29,043: INFO: common: yaml file: params.yaml loaded successfully]
[2023-12-15 21:27:29,046: INFO: common: created directory at: artifacts/prepare_base_model]
[2023-12-15 21:27:30,302: WARNING: saving_utils: Compiled the loaded model, but the compiled metrics have yet to be built. `model.compile_metrics` will be empty until you train or evaluate the model.]
[2023-12-15 22:02:06,226: WARNING: module_wrapper: From C:\Users\Adil\AppData\Roaming\Python\Python311\site-packages\keras\src\losses.py:2976: The name tf.losses.sparse_softmax_cross_entropy is deprecated. Please use tf.compat.v1.losses.sparse_softmax_cross_entropy instead.
]
[2023-12-15 22:02:19,644: INFO: main: >>>>> Stage Data Ingestion Stage Started <<<<<<<]
[2023-12-15 22:02:19,644: INFO: main: >>>>Stage Data Ingestion Stage started <<<<]
[2023-12-15 22:02:19,647: INFO: common: yaml file: config\config.yaml loaded successfully]
[2023-12-15 22:02:19,648: INFO: common: yaml file: params.yaml loaded successfully]
[2023-12-15 22:02:19,649: INFO: common: created directory at: artifacts]
[2023-12-15 22:02:19,651: INFO: common: created directory at: artifacts/data_ingestion]
[2023-12-15 22:02:19,653: INFO: data_ingestion: Downloading data from https://drive.google.com/file/d/1YdCFEgrKdm3JY4MZ4OX9czy5BETqkpHs/view?usp=sharing into file artifacts/data_ingestion/data.zip]
[2023-12-15 22:05:51,481: INFO: data_ingestion: Downloaded data from https://drive.google.com/file/d/1YdCFEgrKdm3JY4MZ4OX9czy5BETqkpHs/view?usp=sharing into file artifacts/data_ingestion/data.zip]
[2023-12-15 22:08:25,023: INFO: main: >>>>Stage Data Ingestion Stage Completed <<<<

x===============x]
[2023-12-15 22:08:25,024: INFO: main: **********]
[2023-12-15 22:08:25,024: INFO: main: >>>>>> stage Prepare Base model Started <<<<<<]
[2023-12-15 22:08:25,026: INFO: common: yaml file: config\config.yaml loaded successfully]
[2023-12-15 22:08:25,027: INFO: common: yaml file: params.yaml loaded successfully]
[2023-12-15 22:08:25,028: INFO: common: created directory at: artifacts]
[2023-12-15 22:08:25,029: INFO: common: created directory at: artifacts/prepare_base_model]
[2023-12-15 22:08:29,039: WARNING: module_wrapper: From C:\Users\Adil\AppData\Roaming\Python\Python311\site-packages\keras\src\backend.py:1398: The name tf.executing_eagerly_outside_functions is deprecated. Please use tf.compat.v1.executing_eagerly_outside_functions instead.
]
[2023-12-15 22:08:35,607: WARNING: module_wrapper: From C:\Users\Adil\AppData\Roaming\Python\Python311\site-packages\keras\src\layers\pooling\max_pooling2d.py:161: The name tf.nn.max_pool is deprecated. Please use tf.nn.max_pool2d instead.
]
[2023-12-15 22:08:40,837: WARNING: saving_utils: Compiled the loaded model, but the compiled metrics have yet to be built. `model.compile_metrics` will be empty until you train or evaluate the model.]
[2023-12-15 22:08:42,508: INFO: main: >>>>>> stage Prepare Base model Completed <<<<<<<

x=============x]
